2015-08-04 14:00:03,741  INFO | main | org.springframework.web.context.ContextLoader           | Root WebApplicationContext: initialization started 
2015-08-04 14:00:03,815  INFO | main | o.s.web.context.support.XmlWebApplicationContext        | Refreshing Root WebApplicationContext: startup date [Tue Aug 04 14:00:03 CDT 2015]; root of context hierarchy 
2015-08-04 14:00:03,847  INFO | main | o.s.beans.factory.xml.XmlBeanDefinitionReader           | Loading XML bean definitions from ServletContext resource [/WEB-INF/spring/root-context.xml] 
2015-08-04 14:00:04,091  INFO | main | org.springframework.web.context.ContextLoader           | Root WebApplicationContext: initialization completed in 347 ms 
2015-08-04 14:00:04,213  INFO | main | org.springframework.web.servlet.DispatcherServlet       | FrameworkServlet 'appServlet': initialization started 
2015-08-04 14:00:04,216  INFO | main | o.s.web.context.support.XmlWebApplicationContext        | Refreshing WebApplicationContext for namespace 'appServlet-servlet': startup date [Tue Aug 04 14:00:04 CDT 2015]; parent: Root WebApplicationContext 
2015-08-04 14:00:04,218  INFO | main | o.s.beans.factory.xml.XmlBeanDefinitionReader           | Loading XML bean definitions from ServletContext resource [/WEB-INF/spring/appServlet/servlet-context.xml] 
2015-08-04 14:00:04,538  INFO | main | o.s.b.f.annotation.AutowiredAnnotationBeanPostProcessor | JSR-330 'javax.inject.Inject' annotation found and supported for autowiring 
2015-08-04 14:00:04,684  INFO | main | o.s.w.s.m.m.annotation.RequestMappingHandlerMapping     | Mapped "{[/base_order/{pid}],methods=[GET],params=[],headers=[],consumes=[],produces=[application/json],custom=[]}" onto public clinsys.heo.order_service.base_order_reader.domain_objects.BaseOrder clinsys.heo.order_service.base_order_reader.contollers.BaseOrderController.getBaseOrderForPID(java.lang.String,java.util.Locale,org.springframework.ui.Model) throws java.lang.Exception 
2015-08-04 14:00:04,688  INFO | main | o.s.w.s.m.m.annotation.RequestMappingHandlerMapping     | Mapped "{[/write_eso_orders],methods=[POST],params=[],headers=[],consumes=[],produces=[application/javascript],custom=[]}" onto public java.lang.String clinsys.heo.order_service.eso_order_writer.controllers.EsoOrdersWriterController.writeOrders(clinsys.heo.order_service.eso_order_writer.domain_objects.ESO_Packet,java.util.Locale,org.springframework.ui.Model) throws java.io.IOException,javax.xml.bind.JAXBException,java.security.KeyManagementException,java.security.NoSuchAlgorithmException,java.security.KeyStoreException 
2015-08-04 14:00:04,688  INFO | main | o.s.w.s.m.m.annotation.RequestMappingHandlerMapping     | Mapped "{[/gen_sample_orders],methods=[GET],params=[],headers=[],consumes=[],produces=[],custom=[]}" onto public clinsys.heo.order_service.eso_order_writer.domain_objects.ESO_Packet clinsys.heo.order_service.eso_order_writer.controllers.EsoOrdersWriterController.gen_sample(java.util.Locale,org.springframework.ui.Model) throws java.io.IOException,javax.xml.bind.JAXBException,java.security.KeyManagementException,java.security.NoSuchAlgorithmException,java.security.KeyStoreException 
2015-08-04 14:00:04,688  INFO | main | o.s.w.s.m.m.annotation.RequestMappingHandlerMapping     | Mapped "{[/testerino],methods=[GET],params=[],headers=[],consumes=[],produces=[application/javascript],custom=[]}" onto public java.lang.String clinsys.heo.order_service.eso_order_writer.controllers.EsoOrdersWriterController.landingPage0(java.util.Locale,org.springframework.ui.Model) throws java.io.IOException,javax.xml.bind.JAXBException,java.security.KeyManagementException,java.security.NoSuchAlgorithmException,java.security.KeyStoreException 
2015-08-04 14:00:04,689  INFO | main | o.s.w.s.m.m.annotation.RequestMappingHandlerMapping     | Mapped "{[/],methods=[GET],params=[],headers=[],consumes=[],produces=[],custom=[]}" onto public java.lang.String clinsys.heo.order_service.HomeController.home(java.util.Locale,org.springframework.ui.Model) 
2015-08-04 14:00:05,020  INFO | main | o.s.w.s.m.m.annotation.RequestMappingHandlerAdapter     | Looking for @ControllerAdvice: WebApplicationContext for namespace 'appServlet-servlet': startup date [Tue Aug 04 14:00:04 CDT 2015]; parent: Root WebApplicationContext 
2015-08-04 14:00:05,060  INFO | main | o.s.w.s.m.m.annotation.RequestMappingHandlerAdapter     | Looking for @ControllerAdvice: WebApplicationContext for namespace 'appServlet-servlet': startup date [Tue Aug 04 14:00:04 CDT 2015]; parent: Root WebApplicationContext 
2015-08-04 14:00:05,113  INFO | main | o.s.web.servlet.handler.SimpleUrlHandlerMapping         | Mapped URL path [/resources/**] onto handler 'org.springframework.web.servlet.resource.ResourceHttpRequestHandler#0' 
2015-08-04 14:00:05,214  INFO | main | clinsys.heo.order_service.config.BeanConfig             | ENTER 
2015-08-04 14:00:05,215  INFO | main | clinsys.heo.order_service.config.BeanConfig             | ENTER 
2015-08-04 14:00:05,338  INFO | main | org.springframework.web.servlet.DispatcherServlet       | FrameworkServlet 'appServlet': initialization completed in 1125 ms 
2015-08-04 14:01:58,822  INFO | qtp1890287843-22 | clinsys.heo.order_service.HomeController                | Welcome home! The client locale is en_US. 
2015-08-04 14:03:00,456  INFO | Thread-1 | o.s.web.context.support.XmlWebApplicationContext        | Closing WebApplicationContext for namespace 'appServlet-servlet': startup date [Tue Aug 04 14:00:04 CDT 2015]; parent: Root WebApplicationContext 
2015-08-04 14:03:00,464  INFO | Thread-1 | o.s.web.context.support.XmlWebApplicationContext        | Closing Root WebApplicationContext: startup date [Tue Aug 04 14:00:03 CDT 2015]; root of context hierarchy 
2015-08-04 14:03:09,095  INFO | main | org.springframework.web.context.ContextLoader           | Root WebApplicationContext: initialization started 
2015-08-04 14:03:09,170  INFO | main | o.s.web.context.support.XmlWebApplicationContext        | Refreshing Root WebApplicationContext: startup date [Tue Aug 04 14:03:09 CDT 2015]; root of context hierarchy 
2015-08-04 14:03:09,209  INFO | main | o.s.beans.factory.xml.XmlBeanDefinitionReader           | Loading XML bean definitions from ServletContext resource [/WEB-INF/spring/root-context.xml] 
2015-08-04 14:03:09,333  INFO | main | org.springframework.web.context.ContextLoader           | Root WebApplicationContext: initialization completed in 235 ms 
2015-08-04 14:03:09,415  INFO | main | org.springframework.web.servlet.DispatcherServlet       | FrameworkServlet 'appServlet': initialization started 
2015-08-04 14:03:09,419  INFO | main | o.s.web.context.support.XmlWebApplicationContext        | Refreshing WebApplicationContext for namespace 'appServlet-servlet': startup date [Tue Aug 04 14:03:09 CDT 2015]; parent: Root WebApplicationContext 
2015-08-04 14:03:09,420  INFO | main | o.s.beans.factory.xml.XmlBeanDefinitionReader           | Loading XML bean definitions from ServletContext resource [/WEB-INF/spring/appServlet/servlet-context.xml] 
2015-08-04 14:03:09,693  INFO | main | o.s.b.f.annotation.AutowiredAnnotationBeanPostProcessor | JSR-330 'javax.inject.Inject' annotation found and supported for autowiring 
2015-08-04 14:03:09,871  INFO | main | o.s.w.s.m.m.annotation.RequestMappingHandlerMapping     | Mapped "{[/base_order/{pid}],methods=[GET],params=[],headers=[],consumes=[],produces=[application/json],custom=[]}" onto public clinsys.heo.order_service.base_order_reader.domain_objects.BaseOrder clinsys.heo.order_service.base_order_reader.contollers.BaseOrderController.getBaseOrderForPID(java.lang.String,java.util.Locale,org.springframework.ui.Model) throws java.lang.Exception 
2015-08-04 14:03:09,875  INFO | main | o.s.w.s.m.m.annotation.RequestMappingHandlerMapping     | Mapped "{[/testerino],methods=[GET],params=[],headers=[],consumes=[],produces=[application/javascript],custom=[]}" onto public java.lang.String clinsys.heo.order_service.eso_order_writer.controllers.EsoOrdersWriterController.landingPage0(java.util.Locale,org.springframework.ui.Model) throws java.io.IOException,javax.xml.bind.JAXBException,java.security.KeyManagementException,java.security.NoSuchAlgorithmException,java.security.KeyStoreException 
2015-08-04 14:03:09,875  INFO | main | o.s.w.s.m.m.annotation.RequestMappingHandlerMapping     | Mapped "{[/gen_sample_orders],methods=[GET],params=[],headers=[],consumes=[],produces=[],custom=[]}" onto public clinsys.heo.order_service.eso_order_writer.domain_objects.ESO_Packet clinsys.heo.order_service.eso_order_writer.controllers.EsoOrdersWriterController.gen_sample(java.util.Locale,org.springframework.ui.Model) throws java.io.IOException,javax.xml.bind.JAXBException,java.security.KeyManagementException,java.security.NoSuchAlgorithmException,java.security.KeyStoreException 
2015-08-04 14:03:09,876  INFO | main | o.s.w.s.m.m.annotation.RequestMappingHandlerMapping     | Mapped "{[/write_eso_orders],methods=[POST],params=[],headers=[],consumes=[],produces=[application/javascript],custom=[]}" onto public java.lang.String clinsys.heo.order_service.eso_order_writer.controllers.EsoOrdersWriterController.writeOrders(clinsys.heo.order_service.eso_order_writer.domain_objects.ESO_Packet,java.util.Locale,org.springframework.ui.Model) throws java.io.IOException,javax.xml.bind.JAXBException,java.security.KeyManagementException,java.security.NoSuchAlgorithmException,java.security.KeyStoreException 
2015-08-04 14:03:09,877  INFO | main | o.s.w.s.m.m.annotation.RequestMappingHandlerMapping     | Mapped "{[/],methods=[GET],params=[],headers=[],consumes=[],produces=[],custom=[]}" onto public java.lang.String clinsys.heo.order_service.HomeController.home(java.util.Locale,org.springframework.ui.Model) 
2015-08-04 14:03:10,292  INFO | main | o.s.w.s.m.m.annotation.RequestMappingHandlerAdapter     | Looking for @ControllerAdvice: WebApplicationContext for namespace 'appServlet-servlet': startup date [Tue Aug 04 14:03:09 CDT 2015]; parent: Root WebApplicationContext 
2015-08-04 14:03:10,335  INFO | main | o.s.w.s.m.m.annotation.RequestMappingHandlerAdapter     | Looking for @ControllerAdvice: WebApplicationContext for namespace 'appServlet-servlet': startup date [Tue Aug 04 14:03:09 CDT 2015]; parent: Root WebApplicationContext 
2015-08-04 14:03:10,411  INFO | main | o.s.web.servlet.handler.SimpleUrlHandlerMapping         | Mapped URL path [/resources/**] onto handler 'org.springframework.web.servlet.resource.ResourceHttpRequestHandler#0' 
2015-08-04 14:03:10,457  INFO | main | clinsys.heo.order_service.config.BeanConfig             | ENTER 
2015-08-04 14:03:10,459  INFO | main | clinsys.heo.order_service.config.BeanConfig             | ENTER 
2015-08-04 14:03:10,580  INFO | main | org.springframework.web.servlet.DispatcherServlet       | FrameworkServlet 'appServlet': initialization completed in 1165 ms 
2015-08-04 14:03:41,290  INFO | Thread-1 | o.s.web.context.support.XmlWebApplicationContext        | Closing WebApplicationContext for namespace 'appServlet-servlet': startup date [Tue Aug 04 14:03:09 CDT 2015]; parent: Root WebApplicationContext 
2015-08-04 14:03:41,298  INFO | Thread-1 | o.s.web.context.support.XmlWebApplicationContext        | Closing Root WebApplicationContext: startup date [Tue Aug 04 14:03:09 CDT 2015]; root of context hierarchy 
2015-08-04 14:04:26,144  INFO | main | org.springframework.web.context.ContextLoader           | Root WebApplicationContext: initialization started 
2015-08-04 14:04:26,346  INFO | main | o.s.web.context.support.XmlWebApplicationContext        | Refreshing Root WebApplicationContext: startup date [Tue Aug 04 14:04:26 CDT 2015]; root of context hierarchy 
2015-08-04 14:04:26,378  INFO | main | o.s.beans.factory.xml.XmlBeanDefinitionReader           | Loading XML bean definitions from ServletContext resource [/WEB-INF/spring/root-context.xml] 
2015-08-04 14:04:26,487  INFO | main | org.springframework.web.context.ContextLoader           | Root WebApplicationContext: initialization completed in 339 ms 
2015-08-04 14:04:26,559  INFO | main | org.springframework.web.servlet.DispatcherServlet       | FrameworkServlet 'appServlet': initialization started 
2015-08-04 14:04:26,563  INFO | main | o.s.web.context.support.XmlWebApplicationContext        | Refreshing WebApplicationContext for namespace 'appServlet-servlet': startup date [Tue Aug 04 14:04:26 CDT 2015]; parent: Root WebApplicationContext 
2015-08-04 14:04:26,564  INFO | main | o.s.beans.factory.xml.XmlBeanDefinitionReader           | Loading XML bean definitions from ServletContext resource [/WEB-INF/spring/appServlet/servlet-context.xml] 
2015-08-04 14:04:26,813  INFO | main | o.s.b.f.annotation.AutowiredAnnotationBeanPostProcessor | JSR-330 'javax.inject.Inject' annotation found and supported for autowiring 
2015-08-04 14:04:26,992  INFO | main | o.s.w.s.m.m.annotation.RequestMappingHandlerMapping     | Mapped "{[/base_order/{pid}],methods=[GET],params=[],headers=[],consumes=[],produces=[application/json],custom=[]}" onto public clinsys.heo.order_service.base_order_reader.domain_objects.BaseOrder clinsys.heo.order_service.base_order_reader.contollers.BaseOrderController.getBaseOrderForPID(java.lang.String,java.util.Locale,org.springframework.ui.Model) throws java.lang.Exception 
2015-08-04 14:04:26,997  INFO | main | o.s.w.s.m.m.annotation.RequestMappingHandlerMapping     | Mapped "{[/testerino],methods=[GET],params=[],headers=[],consumes=[],produces=[application/javascript],custom=[]}" onto public java.lang.String clinsys.heo.order_service.eso_order_writer.controllers.EsoOrdersWriterController.landingPage0(java.util.Locale,org.springframework.ui.Model) throws java.io.IOException,javax.xml.bind.JAXBException,java.security.KeyManagementException,java.security.NoSuchAlgorithmException,java.security.KeyStoreException 
2015-08-04 14:04:26,997  INFO | main | o.s.w.s.m.m.annotation.RequestMappingHandlerMapping     | Mapped "{[/gen_sample_orders],methods=[GET],params=[],headers=[],consumes=[],produces=[],custom=[]}" onto public clinsys.heo.order_service.eso_order_writer.domain_objects.ESO_Packet clinsys.heo.order_service.eso_order_writer.controllers.EsoOrdersWriterController.gen_sample(java.util.Locale,org.springframework.ui.Model) throws java.io.IOException,javax.xml.bind.JAXBException,java.security.KeyManagementException,java.security.NoSuchAlgorithmException,java.security.KeyStoreException 
2015-08-04 14:04:26,998  INFO | main | o.s.w.s.m.m.annotation.RequestMappingHandlerMapping     | Mapped "{[/write_eso_orders],methods=[POST],params=[],headers=[],consumes=[],produces=[application/javascript],custom=[]}" onto public java.lang.String clinsys.heo.order_service.eso_order_writer.controllers.EsoOrdersWriterController.writeOrders(clinsys.heo.order_service.eso_order_writer.domain_objects.ESO_Packet,java.util.Locale,org.springframework.ui.Model) throws java.io.IOException,javax.xml.bind.JAXBException,java.security.KeyManagementException,java.security.NoSuchAlgorithmException,java.security.KeyStoreException 
2015-08-04 14:04:26,999  INFO | main | o.s.w.s.m.m.annotation.RequestMappingHandlerMapping     | Mapped "{[/],methods=[GET],params=[],headers=[],consumes=[],produces=[],custom=[]}" onto public java.lang.String clinsys.heo.order_service.HomeController.home(java.util.Locale,org.springframework.ui.Model) 
2015-08-04 14:04:27,406  INFO | main | o.s.w.s.m.m.annotation.RequestMappingHandlerAdapter     | Looking for @ControllerAdvice: WebApplicationContext for namespace 'appServlet-servlet': startup date [Tue Aug 04 14:04:26 CDT 2015]; parent: Root WebApplicationContext 
2015-08-04 14:04:27,452  INFO | main | o.s.w.s.m.m.annotation.RequestMappingHandlerAdapter     | Looking for @ControllerAdvice: WebApplicationContext for namespace 'appServlet-servlet': startup date [Tue Aug 04 14:04:26 CDT 2015]; parent: Root WebApplicationContext 
2015-08-04 14:04:27,520  INFO | main | o.s.web.servlet.handler.SimpleUrlHandlerMapping         | Mapped URL path [/resources/**] onto handler 'org.springframework.web.servlet.resource.ResourceHttpRequestHandler#0' 
2015-08-04 14:04:27,566  INFO | main | clinsys.heo.order_service.config.BeanConfig             | ENTER 
2015-08-04 14:04:27,568  INFO | main | clinsys.heo.order_service.config.BeanConfig             | ENTER 
2015-08-04 14:04:27,693  INFO | main | org.springframework.web.servlet.DispatcherServlet       | FrameworkServlet 'appServlet': initialization completed in 1134 ms 
2015-08-04 14:04:44,285  INFO | qtp1890287843-15 | clinsys.heo.order_service.HomeController                | Welcome home! The client locale is en_US. 
2015-08-04 14:04:51,526  INFO | qtp1890287843-23 | c.h.o.base_order_reader.contollers.BaseOrderController  | ENTER controller pid = 9720 
2015-08-04 14:04:51,526  INFO | qtp1890287843-23 | c.h.o.base_order_reader.domain_objects.BaseOrder_DAO    | ENTER 
2015-08-04 14:04:52,182  INFO | qtp1890287843-23 | c.h.o.base_order_reader.domain_objects.BaseOrder_DAO    | LEAVE 
2015-08-04 14:04:52,182  INFO | qtp1890287843-23 | c.h.o.base_order_reader.contollers.BaseOrderController  | LEAVE controller 
2015-08-04 14:13:28,212  INFO | Thread-1 | o.s.web.context.support.XmlWebApplicationContext        | Closing WebApplicationContext for namespace 'appServlet-servlet': startup date [Tue Aug 04 14:04:26 CDT 2015]; parent: Root WebApplicationContext 
2015-08-04 14:13:28,242  INFO | Thread-1 | o.s.web.context.support.XmlWebApplicationContext        | Closing Root WebApplicationContext: startup date [Tue Aug 04 14:04:26 CDT 2015]; root of context hierarchy 
